\BOOKMARK [0][-]{chapter.1}{\376\377\000I\000n\000t\000r\000o\000d\000u\000c\000t\000i\000o\000n}{}% 1
\BOOKMARK [1][-]{section.1.1}{\376\377\000M\000o\000t\000i\000v\000a\000t\000i\000o\000n}{chapter.1}% 2
\BOOKMARK [1][-]{section.1.2}{\376\377\000I\000n\000t\000r\000o\000d\000u\000c\000t\000i\000o\000n\000\040\000t\000o\000\040\000P\000r\000o\000d\000u\000c\000t\000\040\000F\000o\000r\000m\000u\000l\000a\000e}{chapter.1}% 3
\BOOKMARK [0][-]{chapter.2}{\376\377\000C\000o\000m\000p\000o\000s\000i\000t\000e\000\040\000S\000i\000m\000u\000l\000a\000t\000i\000o\000n\000s}{}% 4
\BOOKMARK [1][-]{section.2.1}{\376\377\000I\000n\000t\000r\000o\000d\000u\000c\000t\000i\000o\000n}{chapter.2}% 5
\BOOKMARK [1][-]{section.2.2}{\376\377\000M\000a\000i\000n\000\040\000R\000e\000s\000u\000l\000t\000s}{chapter.2}% 6
\BOOKMARK [1][-]{section.2.3}{\376\377\000P\000r\000e\000l\000i\000m\000i\000n\000a\000r\000i\000e\000s}{chapter.2}% 7
\BOOKMARK [2][-]{subsection.2.3.1}{\376\377\000T\000r\000o\000t\000t\000e\000r\000-\000S\000u\000z\000u\000k\000i\000\040\000F\000o\000r\000m\000u\000l\000a\000s}{section.2.3}% 8
\BOOKMARK [2][-]{subsection.2.3.2}{\376\377\000Q\000D\000r\000i\000f\000t}{section.2.3}% 9
\BOOKMARK [1][-]{section.2.4}{\376\377\000F\000i\000r\000s\000t\000-\000O\000r\000d\000e\000r\000\040\000T\000r\000o\000t\000t\000e\000r\000\040\000w\000i\000t\000h\000\040\000Q\000D\000r\000i\000f\000t}{chapter.2}% 10
\BOOKMARK [2][-]{subsection.2.4.1}{\376\377\000Q\000u\000e\000r\000y\000\040\000C\000o\000m\000p\000l\000e\000x\000i\000t\000y}{section.2.4}% 11
\BOOKMARK [2][-]{subsection.2.4.2}{\376\377\000H\000a\000m\000i\000l\000t\000o\000n\000i\000a\000n\000\040\000P\000a\000r\000t\000i\000t\000i\000o\000n\000i\000n\000g}{section.2.4}% 12
\BOOKMARK [2][-]{subsection.2.4.3}{\376\377\000C\000o\000m\000p\000a\000r\000i\000s\000o\000n\000\040\000w\000i\000t\000h\000\040\000T\000r\000o\000t\000t\000e\000r\000\040\000a\000n\000d\000\040\000Q\000D\000r\000i\000f\000t}{section.2.4}% 13
\BOOKMARK [1][-]{section.2.5}{\376\377\000H\000i\000g\000h\000e\000r\000-\000O\000r\000d\000e\000r\000\040\000T\000r\000o\000t\000t\000e\000r\000\040\000F\000o\000r\000m\000u\000l\000a\000s}{chapter.2}% 14
\BOOKMARK [2][-]{subsection.2.5.1}{\376\377\000Q\000u\000e\000r\000y\000\040\000C\000o\000m\000p\000l\000e\000x\000i\000t\000y}{section.2.5}% 15
\BOOKMARK [2][-]{subsection.2.5.2}{\376\377\000P\000r\000o\000b\000a\000b\000i\000l\000i\000s\000t\000i\000c\000\040\000P\000a\000r\000t\000i\000t\000i\000o\000n\000i\000n\000g}{section.2.5}% 16
\BOOKMARK [2][-]{subsection.2.5.3}{\376\377\000C\000o\000m\000p\000a\000r\000i\000s\000o\000n\000\040\000w\000i\000t\000h\000\040\000T\000r\000o\000t\000t\000e\000r\000\040\000a\000n\000d\000\040\000Q\000D\000r\000i\000f\000t}{section.2.5}% 17
\BOOKMARK [1][-]{section.2.6}{\376\377\000G\000e\000n\000e\000r\000a\000l\000\040\000C\000o\000m\000p\000o\000s\000i\000t\000e\000\040\000C\000h\000a\000n\000n\000e\000l\000s}{chapter.2}% 18
\BOOKMARK [1][-]{section.2.7}{\376\377\000D\000i\000s\000c\000u\000s\000s\000i\000o\000n}{chapter.2}% 19
\BOOKMARK [0][-]{chapter.3}{\376\377\000T\000h\000e\000r\000m\000a\000l\000\040\000S\000t\000a\000t\000e\000\040\000P\000r\000e\000p\000a\000r\000a\000t\000i\000o\000n}{}% 20
\BOOKMARK [1][-]{section.3.1}{\376\377\000I\000n\000t\000r\000o\000d\000u\000c\000t\000i\000o\000n}{chapter.3}% 21
\BOOKMARK [2][-]{subsection.3.1.1}{\376\377\000M\000a\000i\000n\000\040\000R\000e\000s\000u\000l\000t\000s}{section.3.1}% 22
\BOOKMARK [1][-]{section.3.2}{\376\377\000W\000e\000a\000k\000\040\000I\000n\000t\000e\000r\000a\000c\000t\000i\000o\000n\000\040\000E\000x\000p\000a\000n\000s\000i\000o\000n\000\040\000f\000o\000r\000\040}{chapter.3}% 23
\BOOKMARK [2][-]{subsection.3.2.1}{\376\377\000P\000r\000e\000l\000i\000m\000i\000n\000a\000r\000i\000e\000s\000\040\000a\000n\000d\000\040\000N\000o\000t\000a\000t\000i\000o\000n}{section.3.2}% 24
\BOOKMARK [2][-]{subsection.3.2.2}{\376\377\000F\000i\000r\000s\000t\000\040\000a\000n\000d\000\040\000S\000e\000c\000o\000n\000d\000\040\000O\000r\000d\000e\000r\000\040\000T\000e\000r\000m\000s}{section.3.2}% 25
\BOOKMARK [2][-]{subsection.3.2.3}{\376\377\000M\000a\000r\000k\000o\000v\000i\000a\000n\000\040\000D\000y\000n\000a\000m\000i\000c\000s\000\040\000a\000n\000d\000\040\000E\000r\000r\000o\000r\000\040\000T\000e\000r\000m\000s}{section.3.2}% 26
\BOOKMARK [1][-]{section.3.3}{\376\377\000S\000p\000e\000c\000i\000f\000i\000c\000\040\000S\000y\000s\000t\000e\000m\000s}{chapter.3}% 27
\BOOKMARK [2][-]{subsection.3.3.1}{\376\377\000S\000i\000n\000g\000l\000e\000\040\000Q\000u\000b\000i\000t}{section.3.3}% 28
\BOOKMARK [2][-]{subsection.3.3.2}{\376\377\000H\000a\000r\000m\000o\000n\000i\000c\000\040\000O\000s\000c\000i\000l\000l\000a\000t\000o\000r}{section.3.3}% 29
\BOOKMARK [1][-]{section.3.4}{\376\377\000G\000e\000n\000e\000r\000a\000l\000\040\000S\000y\000s\000t\000e\000m\000s}{chapter.3}% 30
\BOOKMARK [2][-]{subsection.3.4.1}{\376\377\000Z\000e\000r\000o\000\040\000K\000n\000o\000w\000l\000e\000d\000g\000e}{section.3.4}% 31
\BOOKMARK [2][-]{subsection.3.4.2}{\376\377\000P\000e\000r\000f\000e\000c\000t\000\040\000K\000n\000o\000w\000l\000e\000d\000g\000e}{section.3.4}% 32
\BOOKMARK [1][-]{section.3.5}{\376\377\000D\000i\000s\000c\000u\000s\000s\000i\000o\000n}{chapter.3}% 33
\BOOKMARK [0][-]{chapter.4}{\376\377\000N\000u\000m\000e\000r\000i\000c\000s}{}% 34
\BOOKMARK [1][-]{section.4.1}{\376\377\000C\000o\000m\000p\000o\000s\000i\000t\000e\000\040\000S\000i\000m\000u\000l\000a\000t\000i\000o\000n\000s}{chapter.4}% 35
\BOOKMARK [2][-]{subsection.4.1.1}{\376\377\000H\000a\000m\000i\000l\000t\000o\000n\000i\000a\000n\000s\000\040\000o\000f\000\040\000I\000n\000t\000e\000r\000e\000s\000t}{section.4.1}% 36
\BOOKMARK [2][-]{subsection.4.1.2}{\376\377\000P\000a\000r\000t\000i\000t\000i\000o\000n\000i\000n\000g\000\040\000S\000c\000h\000e\000m\000e\000s}{section.4.1}% 37
\BOOKMARK [2][-]{subsection.4.1.3}{\376\377\000E\000r\000r\000o\000r\000\040\000M\000e\000a\000s\000u\000r\000e\000s}{section.4.1}% 38
\BOOKMARK [2][-]{subsection.4.1.4}{\376\377\000P\000e\000r\000f\000o\000r\000m\000a\000n\000c\000e\000\040\000R\000e\000s\000u\000l\000t\000s}{section.4.1}% 39
\BOOKMARK [1][-]{section.4.2}{\376\377\000T\000h\000e\000r\000m\000a\000l\000\040\000S\000t\000a\000t\000e\000\040\000P\000r\000e\000p\000a\000r\000a\000t\000i\000o\000n}{chapter.4}% 40
\BOOKMARK [2][-]{subsection.4.2.1}{\376\377\000H\000a\000r\000m\000o\000n\000i\000c\000\040\000O\000s\000c\000i\000l\000l\000a\000t\000o\000r\000\040\000a\000n\000d\000\040\000S\000i\000n\000g\000l\000e\000\040\000Q\000u\000b\000i\000t}{section.4.2}% 41
\BOOKMARK [2][-]{subsection.4.2.2}{\376\377\000H\000y\000d\000r\000o\000g\000e\000n\000\040\000C\000h\000a\000i\000n\000\040\000N\000u\000m\000e\000r\000i\000c\000s}{section.4.2}% 42
\BOOKMARK [0][-]{chapter.5}{\376\377\000C\000o\000n\000c\000l\000u\000s\000i\000o\000n}{}% 43
\BOOKMARK [0][-]{appendix.A}{\376\377\000A\000p\000p\000e\000n\000d\000i\000x}{}% 44
\BOOKMARK [1][-]{section.A.1}{\376\377\000M\000o\000m\000e\000n\000t\000\040\000B\000o\000u\000n\000d\000s\000\040\000f\000o\000r\000\040\000H\000i\000g\000h\000e\000r\000-\000O\000r\000d\000e\000r\000\040\000F\000o\000r\000m\000u\000l\000a\000s}{appendix.A}% 45
\BOOKMARK [1][-]{section.A.2}{\376\377\000T\000e\000c\000h\000n\000i\000c\000a\000l\000\040\000P\000r\000o\000o\000f\000s}{appendix.A}% 46
\BOOKMARK [2][-]{subsection.A.2.1}{\376\377\000S\000i\000n\000c\000\040\000B\000o\000u\000n\000d\000s}{section.A.2}% 47
\BOOKMARK [2][-]{subsection.A.2.2}{\376\377\000H\000a\000a\000r\000\040\000I\000n\000t\000e\000g\000r\000a\000l\000\040\000P\000r\000o\000o\000f\000s}{section.A.2}% 48
\BOOKMARK [2][-]{subsection.A.2.3}{\376\377\000W\000e\000a\000k\000-\000C\000o\000u\000p\000l\000i\000n\000g\000\040\000R\000e\000m\000a\000i\000n\000d\000e\000r\000\040\000B\000o\000u\000n\000d}{section.A.2}% 49
\BOOKMARK [0][-]{appendix*.38}{\376\377\000B\000i\000b\000l\000i\000o\000g\000r\000a\000p\000h\000y}{}% 50
